<?xml version="1.0" encoding="UTF-8"?>
<testsuite xmlns:xsi="http://www.w3.org/2001/XMLSchema-instance" xsi:noNamespaceSchemaLocation="https://maven.apache.org/surefire/maven-surefire-plugin/xsd/surefire-test-report-3.0.xsd" version="3.0" name="com.example.TElementoABTest" time="0.037" tests="6" errors="0" skipped="0" failures="0">
  <properties>
[...]
</properties>
  <testcase name="testNodesPerLevel" classname="com.example.TElementoABTest" time="0.016">
    <system-out><![CDATA[nodesPerLevel
]]></system-out>
  </testcase>
  <testcase name="testFindLargest" classname="com.example.TElementoABTest" time="0.003"/>
  <testcase name="testItIsNotBST" classname="com.example.TElementoABTest" time="0.001">
    <system-out><![CDATA[isItBST
]]></system-out>
  </testcase>
  <testcase name="testFindShortest" classname="com.example.TElementoABTest" time="0.001"/>
  <testcase name="testGetParent" classname="com.example.TElementoABTest" time="0.0">
    <system-out><![CDATA[getParent
]]></system-out>
  </testcase>
  <testcase name="testItIsBST" classname="com.example.TElementoABTest" time="0.0">
    <system-out><![CDATA[isItBST
]]></system-out>
  </testcase>
</testsuite>